<?xml version='1.0'?>
<ns2:test-suite xmlns:ns2='urn:model.allure.qatools.yandex.ru' start='1687255722788' stop='1687255738211'>
    <name>Psychic Search and Validation:</name>
    <title>Psychic Search and Validation:</title>
    <test-cases>
        <test-case start='1687255724396' status='failed' stop='1687255737712'>
            <name>Partial text search displays matching psychics</name>
            <title>Partial text search displays matching psychics</title>
            <labels>
                <label name='language' value='javascript'/>
                <label name='framework' value='codeceptjs'/>
            </labels>
            <parameters/>
            <steps>
                <step start='1687255724996' status='passed' stop='1687255736263'>
                    <name>I am on page "/"</name>
                    <title>I am on page "/"</title>
                    <attachments/>
                    <steps/>
                </step>
                <step start='1687255736265' status='passed' stop='1687255736306'>
                    <name>I wait for element {"name":"searchText"}, 30</name>
                    <title>I wait for element {"name":"searchText"}, 30</title>
                    <attachments/>
                    <steps/>
                </step>
                <step start='1687255736308' status='passed' stop='1687255736535'>
                    <name>I fill field {"name":"searchText"}, "Matt"</name>
                    <title>I fill field {"name":"searchText"}, "Matt"</title>
                    <attachments/>
                    <steps/>
                </step>
                <step start='1687255736536' status='passed' stop='1687255737265'>
                    <name>I click "//button[contains(@class,'toolbar-search-button')]"</name>
                    <title>I click "//button[contains(@class,'toolbar-search-button')]"</title>
                    <attachments/>
                    <steps/>
                </step>
                <step start='1687255737266' status='passed' stop='1687255737672'>
                    <name>I grab text from all "//div[(@class='thumb-data-item--name')]"</name>
                    <title>I grab text from all "//div[(@class='thumb-data-item--name')]"</title>
                    <attachments/>
                    <steps/>
                </step>
            </steps>
            <attachments>
                <attachment title='Last Seen Screenshot' source='5d113273-5fad-447d-ac2e-c979f8bf31c8-attachment.png' type='image/png' size='191257'/>
            </attachments>
            <failure>
                <message>No elements contain the partial text "far": expected [] not to be empty</message>
                <stack-trace>AssertionError: No elements contain the partial text "far": expected [] not to be empty
                    at Test.&lt;anonymous> (C:\Users\mohamed.mustafa\IdeaProjects\Byborg\oranumTest.js:33:16)</stack-trace>
            </failure>
        </test-case>
    </test-cases>
</ns2:test-suite>