<?xml version='1.0'?>
<ns2:test-suite xmlns:ns2='urn:model.allure.qatools.yandex.ru' start='1687257268634' stop='1687257285737'>
    <name>Psychic Search and Validation:</name>
    <title>Psychic Search and Validation:</title>
    <test-cases>
        <test-case start='1687257270085' status='failed' stop='1687257285365'>
            <name>Full text search shows a specific psychic profile</name>
            <title>Full text search shows a specific psychic profile</title>
            <labels>
                <label name='language' value='javascript'/>
                <label name='framework' value='codeceptjs'/>
            </labels>
            <parameters/>
            <steps>
                <step start='1687257275764' status='passed' stop='1687257283552'>
                    <name>I am on page "/"</name>
                    <title>I am on page "/"</title>
                    <attachments/>
                    <steps/>
                </step>
                <step start='1687257283554' status='passed' stop='1687257283589'>
                    <name>I wait for element {"name":"searchText"}, 30</name>
                    <title>I wait for element {"name":"searchText"}, 30</title>
                    <attachments/>
                    <steps/>
                </step>
                <step start='1687257283589' status='passed' stop='1687257283860'>
                    <name>I fill field {"name":"searchText"}, "matt"</name>
                    <title>I fill field {"name":"searchText"}, "matt"</title>
                    <attachments/>
                    <steps/>
                </step>
                <step start='1687257283861' status='passed' stop='1687257284689'>
                    <name>I click "//button[contains(@class,'toolbar-search-button')]"</name>
                    <title>I click "//button[contains(@class,'toolbar-search-button')]"</title>
                    <attachments/>
                    <steps/>
                </step>
                <step start='1687257284689' status='passed' stop='1687257285361'>
                    <name>I grab text from all "//div[(@class='thumb-data-item--name')]"</name>
                    <title>I grab text from all "//div[(@class='thumb-data-item--name')]"</title>
                    <attachments/>
                    <steps/>
                </step>
            </steps>
            <attachments>
                <attachment title='Last Seen Screenshot' source='59c064d9-3114-47de-adb9-3b4762bac07c-attachment.png' type='image/png' size='191257'/>
            </attachments>
            <failure>
                <message>Expected exactly one element containing the partial text "matt": expected [ 'MattWarren', 'MommaMatt', …(1) ] to have a length of 1 but got 3</message>
                <stack-trace>AssertionError: Expected exactly one element containing the partial text "matt": expected [ 'MattWarren', 'MommaMatt', …(1) ] to have a length of 1 but got 3
                    at Test.&lt;anonymous> (C:\Users\mohamed.mustafa\IdeaProjects\Byborg\oranumTest.js:60:24)
                    at runNextTicks (node:internal/process/task_queues:61:5)
                    at processImmediate (node:internal/timers:437:9)</stack-trace>
            </failure>
        </test-case>
    </test-cases>
</ns2:test-suite>